Arguments: 
  /usr/bin/node /usr/share/yarn/bin/yarn.js

PATH: 
  /home/sai/.local/bin:/usr/local/sbin:/usr/local/bin:/usr/sbin:/usr/bin:/sbin:/bin:/usr/games:/usr/local/games:/snap/bin

Yarn version: 
  1.22.5

Node version: 
  10.19.0

Platform: 
  linux x64

Trace: 
  SyntaxError: /home/sai/Desktop/WIP/WIP-1/scalable-vega/packages/server/package.json: Unexpected token } in JSON at position 729
      at JSON.parse (<anonymous>)
      at /usr/share/yarn/lib/cli.js:1625:59
      at Generator.next (<anonymous>)
      at step (/usr/share/yarn/lib/cli.js:310:30)
      at /usr/share/yarn/lib/cli.js:321:13

npm manifest: 
  {
    "name": "scalable-vega-server",
    "version": "0.0.0",
    "main": "index.js",
    "repository": "git@github.com:vega/scalable-vega.git",
    "author": "Dominik Moritz <domoritz@gmail.com>",
    "license": "BSD-3-Clause",
    "private": true,
    "dependencies": {
      "@types/node": "^14.0.13",
      "apache-arrow": "^3.0.0",
      "body-parser": "^1.19.0",
      "vega": "^5.19.1",
      "vega-encode": "^4.8.0",
      "vega-transform-db": "^1.0.0",
      "vega-transform-omnisci-core": "^0.0.10",
      "vega-transforms": "^4.9.0"
    },
    "scripts": {
  "demo:cleanup": "rm -rf .cache dist",
      "dev": "npm run cleanup",
      "server:start": "./node_modules/.bin/tsc-watch --onSuccess \" node server.js pg\"",
      "build": "yarn --frozen-lockfile",
    },
    "devDependencies": {
      "@types/cors": "^2.8.6",
      "@types/jest": "^26.0.21",
      "@mapd/connector": "^5.5.1",
      "cors": "^2.8.5",
      "duckdb": "^0.2.5",
      "express": "^4.17.1",
      "gh-pages": "^3.0.0",
      "node-fetch": "^2.6.1",
      "pg": "^8.2.1",
      "pg-format": "^1.0.4",
      "pg-native": "^3.0.0",
      "jest": "^26.6.3",
      "parcel-bundler": "^1.12.3",
      "ts-jest": "^26.1.4",
      "tsc-watch": "^4.2.8",
      "typescript": "^3.9.5",
      "webpack": "^4.43.0"
    }
  }

yarn manifest: 
  No manifest

Lockfile: 
  No lockfile
